2024-08-15 01:08:02,089 INFO: Pybo startup [in C:\Users\LG\OneDrive\πŸ≈¡ »≠∏È\react\myapp\BackEnd\pybo\__init__.py:47]
2024-08-15 01:11:44,479 INFO: Pybo startup [in C:\Users\LG\OneDrive\πŸ≈¡ »≠∏È\react\myapp\BackEnd\pybo\__init__.py:47]
2024-08-15 01:11:56,304 ERROR: Error in /api/chat: 2003 (HY000): Can't connect to MySQL server on '127.0.0.1:3306' (10061) [in C:\Users\LG\OneDrive\πŸ≈¡ »≠∏È\react\myapp\BackEnd\pybo\views\main_views.py:33]
2024-08-15 01:18:09,301 ERROR: Error in /api/chat: 2003 (HY000): Can't connect to MySQL server on '127.0.0.1:3306' (10061) [in C:\Users\LG\OneDrive\πŸ≈¡ »≠∏È\react\myapp\BackEnd\pybo\views\main_views.py:33]
2024-08-15 01:30:12,964 INFO: Pybo startup [in C:\Users\LG\OneDrive\πŸ≈¡ »≠∏È\react\myapp\BackEnd\pybo\__init__.py:47]
2024-08-15 01:30:14,994 ERROR: Exception on / [GET] [in c:\Users\LG\OneDrive\πŸ≈¡ »≠∏È\react\myapp\.venv\Lib\site-packages\flask\app.py:838]
Traceback (most recent call last):
  File "c:\Users\LG\OneDrive\πŸ≈¡ »≠∏È\react\myapp\.venv\Lib\site-packages\flask\app.py", line 1473, in wsgi_app
    response = self.full_dispatch_request()
               ^^^^^^^^^^^^^^^^^^^^^^^^^^^^
  File "c:\Users\LG\OneDrive\πŸ≈¡ »≠∏È\react\myapp\.venv\Lib\site-packages\flask\app.py", line 882, in full_dispatch_request
    rv = self.handle_user_exception(e)
         ^^^^^^^^^^^^^^^^^^^^^^^^^^^^^
  File "c:\Users\LG\OneDrive\πŸ≈¡ »≠∏È\react\myapp\.venv\Lib\site-packages\flask\app.py", line 880, in full_dispatch_request
    rv = self.dispatch_request()
         ^^^^^^^^^^^^^^^^^^^^^^^
  File "c:\Users\LG\OneDrive\πŸ≈¡ »≠∏È\react\myapp\.venv\Lib\site-packages\flask\app.py", line 865, in dispatch_request
    return self.ensure_sync(self.view_functions[rule.endpoint])(**view_args)  # type: ignore[no-any-return]
           ^^^^^^^^^^^^^^^^^^^^^^^^^^^^^^^^^^^^^^^^^^^^^^^^^^^^^^^^^^^^^^^^^
  File "C:\Users\LG\OneDrive\πŸ≈¡ »≠∏È\react\myapp\BackEnd\pybo\views\main_views.py", line 19, in index
    return render_template('index.html')
           ^^^^^^^^^^^^^^^^^^^^^^^^^^^^^
  File "c:\Users\LG\OneDrive\πŸ≈¡ »≠∏È\react\myapp\.venv\Lib\site-packages\flask\templating.py", line 149, in render_template
    template = app.jinja_env.get_or_select_template(template_name_or_list)
               ^^^^^^^^^^^^^^^^^^^^^^^^^^^^^^^^^^^^^^^^^^^^^^^^^^^^^^^^^^^
  File "c:\Users\LG\OneDrive\πŸ≈¡ »≠∏È\react\myapp\.venv\Lib\site-packages\jinja2\environment.py", line 1084, in get_or_select_template
    return self.get_template(template_name_or_list, parent, globals)
           ^^^^^^^^^^^^^^^^^^^^^^^^^^^^^^^^^^^^^^^^^^^^^^^^^^^^^^^^^
  File "c:\Users\LG\OneDrive\πŸ≈¡ »≠∏È\react\myapp\.venv\Lib\site-packages\jinja2\environment.py", line 1013, in get_template
    return self._load_template(name, globals)
           ^^^^^^^^^^^^^^^^^^^^^^^^^^^^^^^^^^
  File "c:\Users\LG\OneDrive\πŸ≈¡ »≠∏È\react\myapp\.venv\Lib\site-packages\jinja2\environment.py", line 972, in _load_template
    template = self.loader.load(self, name, self.make_globals(globals))
               ^^^^^^^^^^^^^^^^^^^^^^^^^^^^^^^^^^^^^^^^^^^^^^^^^^^^^^^^
  File "c:\Users\LG\OneDrive\πŸ≈¡ »≠∏È\react\myapp\.venv\Lib\site-packages\jinja2\loaders.py", line 126, in load
    source, filename, uptodate = self.get_source(environment, name)
                                 ^^^^^^^^^^^^^^^^^^^^^^^^^^^^^^^^^^
  File "c:\Users\LG\OneDrive\πŸ≈¡ »≠∏È\react\myapp\.venv\Lib\site-packages\flask\templating.py", line 65, in get_source
    return self._get_source_fast(environment, template)
           ^^^^^^^^^^^^^^^^^^^^^^^^^^^^^^^^^^^^^^^^^^^^
  File "c:\Users\LG\OneDrive\πŸ≈¡ »≠∏È\react\myapp\.venv\Lib\site-packages\flask\templating.py", line 99, in _get_source_fast
    raise TemplateNotFound(template)
jinja2.exceptions.TemplateNotFound: index.html
2024-08-15 01:30:16,455 ERROR: Exception on / [GET] [in c:\Users\LG\OneDrive\πŸ≈¡ »≠∏È\react\myapp\.venv\Lib\site-packages\flask\app.py:838]
Traceback (most recent call last):
  File "c:\Users\LG\OneDrive\πŸ≈¡ »≠∏È\react\myapp\.venv\Lib\site-packages\flask\app.py", line 1473, in wsgi_app
    response = self.full_dispatch_request()
               ^^^^^^^^^^^^^^^^^^^^^^^^^^^^
  File "c:\Users\LG\OneDrive\πŸ≈¡ »≠∏È\react\myapp\.venv\Lib\site-packages\flask\app.py", line 882, in full_dispatch_request
    rv = self.handle_user_exception(e)
         ^^^^^^^^^^^^^^^^^^^^^^^^^^^^^
  File "c:\Users\LG\OneDrive\πŸ≈¡ »≠∏È\react\myapp\.venv\Lib\site-packages\flask\app.py", line 880, in full_dispatch_request
    rv = self.dispatch_request()
         ^^^^^^^^^^^^^^^^^^^^^^^
  File "c:\Users\LG\OneDrive\πŸ≈¡ »≠∏È\react\myapp\.venv\Lib\site-packages\flask\app.py", line 865, in dispatch_request
    return self.ensure_sync(self.view_functions[rule.endpoint])(**view_args)  # type: ignore[no-any-return]
           ^^^^^^^^^^^^^^^^^^^^^^^^^^^^^^^^^^^^^^^^^^^^^^^^^^^^^^^^^^^^^^^^^
  File "C:\Users\LG\OneDrive\πŸ≈¡ »≠∏È\react\myapp\BackEnd\pybo\views\main_views.py", line 19, in index
    return render_template('index.html')
           ^^^^^^^^^^^^^^^^^^^^^^^^^^^^^
  File "c:\Users\LG\OneDrive\πŸ≈¡ »≠∏È\react\myapp\.venv\Lib\site-packages\flask\templating.py", line 149, in render_template
    template = app.jinja_env.get_or_select_template(template_name_or_list)
               ^^^^^^^^^^^^^^^^^^^^^^^^^^^^^^^^^^^^^^^^^^^^^^^^^^^^^^^^^^^
  File "c:\Users\LG\OneDrive\πŸ≈¡ »≠∏È\react\myapp\.venv\Lib\site-packages\jinja2\environment.py", line 1084, in get_or_select_template
    return self.get_template(template_name_or_list, parent, globals)
           ^^^^^^^^^^^^^^^^^^^^^^^^^^^^^^^^^^^^^^^^^^^^^^^^^^^^^^^^^
  File "c:\Users\LG\OneDrive\πŸ≈¡ »≠∏È\react\myapp\.venv\Lib\site-packages\jinja2\environment.py", line 1013, in get_template
    return self._load_template(name, globals)
           ^^^^^^^^^^^^^^^^^^^^^^^^^^^^^^^^^^
  File "c:\Users\LG\OneDrive\πŸ≈¡ »≠∏È\react\myapp\.venv\Lib\site-packages\jinja2\environment.py", line 972, in _load_template
    template = self.loader.load(self, name, self.make_globals(globals))
               ^^^^^^^^^^^^^^^^^^^^^^^^^^^^^^^^^^^^^^^^^^^^^^^^^^^^^^^^
  File "c:\Users\LG\OneDrive\πŸ≈¡ »≠∏È\react\myapp\.venv\Lib\site-packages\jinja2\loaders.py", line 126, in load
    source, filename, uptodate = self.get_source(environment, name)
                                 ^^^^^^^^^^^^^^^^^^^^^^^^^^^^^^^^^^
  File "c:\Users\LG\OneDrive\πŸ≈¡ »≠∏È\react\myapp\.venv\Lib\site-packages\flask\templating.py", line 65, in get_source
    return self._get_source_fast(environment, template)
           ^^^^^^^^^^^^^^^^^^^^^^^^^^^^^^^^^^^^^^^^^^^^
  File "c:\Users\LG\OneDrive\πŸ≈¡ »≠∏È\react\myapp\.venv\Lib\site-packages\flask\templating.py", line 99, in _get_source_fast
    raise TemplateNotFound(template)
jinja2.exceptions.TemplateNotFound: index.html
2024-08-15 01:38:49,947 ERROR: Exception on / [GET] [in c:\Users\LG\OneDrive\πŸ≈¡ »≠∏È\react\myapp\.venv\Lib\site-packages\flask\app.py:838]
Traceback (most recent call last):
  File "c:\Users\LG\OneDrive\πŸ≈¡ »≠∏È\react\myapp\.venv\Lib\site-packages\flask\app.py", line 1473, in wsgi_app
    response = self.full_dispatch_request()
               ^^^^^^^^^^^^^^^^^^^^^^^^^^^^
  File "c:\Users\LG\OneDrive\πŸ≈¡ »≠∏È\react\myapp\.venv\Lib\site-packages\flask\app.py", line 882, in full_dispatch_request
    rv = self.handle_user_exception(e)
         ^^^^^^^^^^^^^^^^^^^^^^^^^^^^^
  File "c:\Users\LG\OneDrive\πŸ≈¡ »≠∏È\react\myapp\.venv\Lib\site-packages\flask\app.py", line 880, in full_dispatch_request
    rv = self.dispatch_request()
         ^^^^^^^^^^^^^^^^^^^^^^^
  File "c:\Users\LG\OneDrive\πŸ≈¡ »≠∏È\react\myapp\.venv\Lib\site-packages\flask\app.py", line 865, in dispatch_request
    return self.ensure_sync(self.view_functions[rule.endpoint])(**view_args)  # type: ignore[no-any-return]
           ^^^^^^^^^^^^^^^^^^^^^^^^^^^^^^^^^^^^^^^^^^^^^^^^^^^^^^^^^^^^^^^^^
  File "C:\Users\LG\OneDrive\πŸ≈¡ »≠∏È\react\myapp\BackEnd\pybo\views\main_views.py", line 19, in index
    return render_template('index.html')
           ^^^^^^^^^^^^^^^^^^^^^^^^^^^^^
  File "c:\Users\LG\OneDrive\πŸ≈¡ »≠∏È\react\myapp\.venv\Lib\site-packages\flask\templating.py", line 149, in render_template
    template = app.jinja_env.get_or_select_template(template_name_or_list)
               ^^^^^^^^^^^^^^^^^^^^^^^^^^^^^^^^^^^^^^^^^^^^^^^^^^^^^^^^^^^
  File "c:\Users\LG\OneDrive\πŸ≈¡ »≠∏È\react\myapp\.venv\Lib\site-packages\jinja2\environment.py", line 1084, in get_or_select_template
    return self.get_template(template_name_or_list, parent, globals)
           ^^^^^^^^^^^^^^^^^^^^^^^^^^^^^^^^^^^^^^^^^^^^^^^^^^^^^^^^^
  File "c:\Users\LG\OneDrive\πŸ≈¡ »≠∏È\react\myapp\.venv\Lib\site-packages\jinja2\environment.py", line 1013, in get_template
    return self._load_template(name, globals)
           ^^^^^^^^^^^^^^^^^^^^^^^^^^^^^^^^^^
  File "c:\Users\LG\OneDrive\πŸ≈¡ »≠∏È\react\myapp\.venv\Lib\site-packages\jinja2\environment.py", line 972, in _load_template
    template = self.loader.load(self, name, self.make_globals(globals))
               ^^^^^^^^^^^^^^^^^^^^^^^^^^^^^^^^^^^^^^^^^^^^^^^^^^^^^^^^
  File "c:\Users\LG\OneDrive\πŸ≈¡ »≠∏È\react\myapp\.venv\Lib\site-packages\jinja2\loaders.py", line 126, in load
    source, filename, uptodate = self.get_source(environment, name)
                                 ^^^^^^^^^^^^^^^^^^^^^^^^^^^^^^^^^^
  File "c:\Users\LG\OneDrive\πŸ≈¡ »≠∏È\react\myapp\.venv\Lib\site-packages\flask\templating.py", line 65, in get_source
    return self._get_source_fast(environment, template)
           ^^^^^^^^^^^^^^^^^^^^^^^^^^^^^^^^^^^^^^^^^^^^
  File "c:\Users\LG\OneDrive\πŸ≈¡ »≠∏È\react\myapp\.venv\Lib\site-packages\flask\templating.py", line 99, in _get_source_fast
    raise TemplateNotFound(template)
jinja2.exceptions.TemplateNotFound: index.html
2024-08-15 01:39:02,068 INFO: Pybo startup [in C:\Users\LG\OneDrive\πŸ≈¡ »≠∏È\react\myapp\BackEnd\pybo\__init__.py:52]
2024-08-15 01:42:23,055 INFO: Pybo startup [in C:\Users\LG\OneDrive\πŸ≈¡ »≠∏È\react\myapp\BackEnd\pybo\__init__.py:52]
2024-08-15 01:50:35,141 INFO: Pybo startup [in C:\Users\LG\OneDrive\πŸ≈¡ »≠∏È\react\myapp\BackEnd\pybo\__init__.py:63]
